
TKPROF: Release 9.2.0.1.0 - Production on Œro Mar 15 20:08:11 2006

Copyright (c) 1982, 2002, Oracle Corporation.  All rights reserved.

Trace file: D:\Programowanie\OracleOptymalizacja\db_ora_3932.trc
Sort options: default

********************************************************************************
count    = number of times OCI procedure was executed
cpu      = cpu time in seconds executing 
elapsed  = elapsed time in seconds executing
disk     = number of physical reads of buffers from disk
query    = number of buffers gotten for consistent read
current  = number of buffers gotten in current mode (usually for update)
rows     = number of rows processed by the fetch or execute call



********************************************************************************

OVERALL TOTALS FOR ALL NON-RECURSIVE STATEMENTS

call     count       cpu    elapsed       disk      query    current        rows
------- ------  -------- ---------- ---------- ---------- ----------  ----------
Parse        8      0.01       0.06          0          0          0           0
Execute      8      0.00       0.13          0          0          0           5
Fetch        2      0.00       0.00          0          6          0           2
------- ------  -------- ---------- ---------- ---------- ----------  ----------
total       18      0.01       0.20          0          6          0           7

Misses in library cache during parse: 6
Misses in library cache during execute: 1


OVERALL TOTALS FOR ALL RECURSIVE STATEMENTS

call     count       cpu    elapsed       disk      query    current        rows
------- ------  -------- ---------- ---------- ---------- ----------  ----------
Parse        1      0.00       0.01          0          0          0           0
Execute      1      0.00       0.00          0          0          0           0
Fetch        1      0.00       0.00          0          3          0           1
------- ------  -------- ---------- ---------- ---------- ----------  ----------
total        3      0.00       0.01          0          3          0           1

Misses in library cache during parse: 1

    9  user  SQL statements in session.
    1  internal SQL statements in session.
   10  SQL statements in session.
    0  statements EXPLAINed in this session.
********************************************************************************
Trace file: D:\Programowanie\OracleOptymalizacja\db_ora_3932.trc
Trace file compatibility: 9.00.01
Sort options: default

       1  session in tracefile.
       9  user  SQL statements in trace file.
       1  internal SQL statements in trace file.
      10  SQL statements in trace file.
       8  unique SQL statements in trace file.
      94  lines in trace file.


